"26/05/2026 22:31:27","5379","DESKTOP-OQO8LVA","Credential Manager credentials were read.

Subject:
	Security ID:		S-1-5-21-4041955732-382992724-600159002-1001
	Account Name:		FARREL FARRELOVIC
	Account Domain:		DESKTOP-OQO8LVA
	Logon ID:		0x8B75B
	Read Operation:		Enumerate Credentials

This event occurs when a user performs a read operation on stored credentials in Credential Manager."
"26/05/2026 22:31:27","5379","DESKTOP-OQO8LVA","Credential Manager credentials were read.

Subject:
	Security ID:		S-1-5-21-4041955732-382992724-600159002-1001
	Account Name:		FARREL FARRELOVIC
	Account Domain:		DESKTOP-OQO8LVA
	Logon ID:		0x8B75B
	Read Operation:		Enumerate Credentials

This event occurs when a user performs a read operation on stored credentials in Credential Manager."
"26/05/2026 22:26:03","4672","DESKTOP-OQO8LVA","Special privileges assigned to new logon.

Subject:
	Security ID:		S-1-5-18
	Account Name:		Système
	Account Domain:		AUTORITE NT
	Logon ID:		0x3E7

Privileges:		SeAssignPrimaryTokenPrivilege
			SeTcbPrivilege
			SeSecurityPrivilege
			SeTakeOwnershipPrivilege
			SeLoadDriverPrivilege
			SeBackupPrivilege
			SeRestorePrivilege
			SeDebugPrivilege
			SeAuditPrivilege
			SeSystemEnvironmentPrivilege
			SeImpersonatePrivilege
			SeDelegateSessionUserImpersonatePrivilege"
"26/05/2026 22:26:03","4624","DESKTOP-OQO8LVA","An account was successfully logged on.

Subject:
	Security ID:		S-1-5-18
	Account Name:		DESKTOP-OQO8LVA$
	Account Domain:		WORKGROUP
	Logon ID:		0x3E7

Logon Information:
	Logon Type:		5
	Restricted Admin Mode:	-
	Virtual Account:		No
	Elevated Token:		Yes

Impersonation Level:		Impersonation

New Logon:
	Security ID:		S-1-5-18
	Account Name:		Système
	Account Domain:		AUTORITE NT
	Logon ID:		0x3E7
	Linked Logon ID:		0x0
	Network Account Name:	-
	Network Account Domain:	-
	Logon GUID:		{00000000-0000-0000-0000-000000000000}

Process Information:
	Process ID:		0x3b0
	Process Name:		C:\Windows\System32\services.exe

Network Information:
	Workstation Name:	-
	Source Network Address:	-
	Source Port:		-

Detailed Authentication Information:
	Logon Process:		Advapi  
	Authentication Package:	Negotiate
	Transited Services:	-
	Package Name (NTLM only):	-
	Key Length:		0

This event is generated when a logon session is created. It is generated on the computer that was accessed.

The subject fields indicate the account on the local system which requested the logon. This is most commonly a service such as the Server service, or a local process such as Winlogon.exe or Services.exe.

The logon type field indicates the kind of logon that occurred. The most common types are 2 (interactive) and 3 (network).

The New Logon fields indicate the account for whom the new logon was created, i.e. the account that was logged on.

The network fields indicate where a remote logon request originated. Workstation name is not always available and may be left blank in some cases.

The impersonation level field indicates the extent to which a process in the logon session can impersonate.

The authentication information fields provide detailed information about this specific logon request.
	- Logon GUID is a unique identifier that can be used to correlate this event with a KDC event.
	- Transited services indicate which intermediate services have participated in this logon request.
	- Package name indicates which sub-protocol was used among the NTLM protocols.
	- Key length indicates the length of the generated session key. This will be 0 if no session key was requested."
"26/05/2026 22:19:54","4726","DESKTOP-OQO8LVA","A user account was deleted.

Subject:
	Security ID:		S-1-5-21-4041955732-382992724-600159002-1001
	Account Name:		FARREL FARRELOVIC
	Account Domain:		DESKTOP-OQO8LVA
	Logon ID:		0x8B6EB

Target Account:
	Security ID:		S-1-5-21-4041955732-382992724-600159002-1006
	Account Name:		CompteTest_Temp
	Account Domain:		DESKTOP-OQO8LVA

Additional Information:
	Privileges	-"
"26/05/2026 22:19:54","4729","DESKTOP-OQO8LVA","A member was removed from a security-enabled global group.

Subject:
	Security ID:		S-1-5-21-4041955732-382992724-600159002-1001
	Account Name:		FARREL FARRELOVIC
	Account Domain:		DESKTOP-OQO8LVA
	Logon ID:		0x8B6EB

Member:
	Security ID:		S-1-5-21-4041955732-382992724-600159002-1006
	Account Name:		-

Group:
	Security ID:		S-1-5-21-4041955732-382992724-600159002-513
	Group Name:		Aucun
	Group Domain:		DESKTOP-OQO8LVA

Additional Information:
	Privileges:		-"
"26/05/2026 22:19:52","4724","DESKTOP-OQO8LVA","An attempt was made to reset an account's password.

Subject:
	Security ID:		S-1-5-21-4041955732-382992724-600159002-1001
	Account Name:		FARREL FARRELOVIC
	Account Domain:		DESKTOP-OQO8LVA
	Logon ID:		0x8B6EB

Target Account:
	Security ID:		S-1-5-21-4041955732-382992724-600159002-1006
	Account Name:		CompteTest_Temp
	Account Domain:		DESKTOP-OQO8LVA"
"26/05/2026 22:19:52","4738","DESKTOP-OQO8LVA","A user account was changed.

Subject:
	Security ID:		S-1-5-21-4041955732-382992724-600159002-1001
	Account Name:		FARREL FARRELOVIC
	Account Domain:		DESKTOP-OQO8LVA
	Logon ID:		0x8B6EB

Target Account:
	Security ID:		S-1-5-21-4041955732-382992724-600159002-1006
	Account Name:		CompteTest_Temp
	Account Domain:		DESKTOP-OQO8LVA

Changed Attributes:
	SAM Account Name:	-
	Display Name:		-
	User Principal Name:	-
	Home Directory:		-
	Home Drive:		-
	Script Path:		-
	Profile Path:		-
	User Workstations:	-
	Password Last Set:	-
	Account Expires:		-
	Primary Group ID:	-
	AllowedToDelegateTo:	-
	Old UAC Value:		-
	New UAC Value:		-
	User Account Control:	-
	User Parameters:	-
	SID History:		-
	Logon Hours:		-

Additional Information:
	Privileges:		-"
"26/05/2026 22:19:52","4738","DESKTOP-OQO8LVA","A user account was changed.

Subject:
	Security ID:		S-1-5-21-4041955732-382992724-600159002-1001
	Account Name:		FARREL FARRELOVIC
	Account Domain:		DESKTOP-OQO8LVA
	Logon ID:		0x8B6EB

Target Account:
	Security ID:		S-1-5-21-4041955732-382992724-600159002-1006
	Account Name:		CompteTest_Temp
	Account Domain:		DESKTOP-OQO8LVA

Changed Attributes:
	SAM Account Name:	CompteTest_Temp
	Display Name:		<value not set>
	User Principal Name:	-
	Home Directory:		<value not set>
	Home Drive:		<value not set>
	Script Path:		<value not set>
	Profile Path:		<value not set>
	User Workstations:	<value not set>
	Password Last Set:	<never>
	Account Expires:		<never>
	Primary Group ID:	513
	AllowedToDelegateTo:	-
	Old UAC Value:		0x15
	New UAC Value:		0x14
	User Account Control:	
		Account Enabled
	User Parameters:	<value not set>
	SID History:		-
	Logon Hours:		All

Additional Information:
	Privileges:		-"
"26/05/2026 22:19:52","4722","DESKTOP-OQO8LVA","A user account was enabled.

Subject:
	Security ID:		S-1-5-21-4041955732-382992724-600159002-1001
	Account Name:		FARREL FARRELOVIC
	Account Domain:		DESKTOP-OQO8LVA
	Logon ID:		0x8B6EB

Target Account:
	Security ID:		S-1-5-21-4041955732-382992724-600159002-1006
	Account Name:		CompteTest_Temp
	Account Domain:		DESKTOP-OQO8LVA"
"26/05/2026 22:19:52","4720","DESKTOP-OQO8LVA","A user account was created.

Subject:
	Security ID:		S-1-5-21-4041955732-382992724-600159002-1001
	Account Name:		FARREL FARRELOVIC
	Account Domain:		DESKTOP-OQO8LVA
	Logon ID:		0x8B6EB

New Account:
	Security ID:		S-1-5-21-4041955732-382992724-600159002-1006
	Account Name:		CompteTest_Temp
	Account Domain:		DESKTOP-OQO8LVA

Attributes:
	SAM Account Name:	CompteTest_Temp
	Display Name:		<value not set>
	User Principal Name:	-
	Home Directory:		<value not set>
	Home Drive:		<value not set>
	Script Path:		<value not set>
	Profile Path:		<value not set>
	User Workstations:	<value not set>
	Password Last Set:	<never>
	Account Expires:		<never>
	Primary Group ID:	513
	Allowed To Delegate To:	-
	Old UAC Value:		0x0
	New UAC Value:		0x15
	User Account Control:	
		Account Disabled
		'Password Not Required' - Enabled
		'Normal Account' - Enabled
	User Parameters:	<value not set>
	SID History:		-
	Logon Hours:		All

Additional Information:
	Privileges		-"
"26/05/2026 22:19:52","4728","DESKTOP-OQO8LVA","A member was added to a security-enabled global group.

Subject:
	Security ID:		S-1-5-21-4041955732-382992724-600159002-1001
	Account Name:		FARREL FARRELOVIC
	Account Domain:		DESKTOP-OQO8LVA
	Logon ID:		0x8B6EB

Member:
	Security ID:		S-1-5-21-4041955732-382992724-600159002-1006
	Account Name:		-

Group:
	Security ID:		S-1-5-21-4041955732-382992724-600159002-513
	Group Name:		Aucun
	Group Domain:		DESKTOP-OQO8LVA

Additional Information:
	Privileges:		-"
"26/05/2026 22:19:47","4672","DESKTOP-OQO8LVA","Special privileges assigned to new logon.

Subject:
	Security ID:		S-1-5-18
	Account Name:		Système
	Account Domain:		AUTORITE NT
	Logon ID:		0x3E7

Privileges:		SeAssignPrimaryTokenPrivilege
			SeTcbPrivilege
			SeSecurityPrivilege
			SeTakeOwnershipPrivilege
			SeLoadDriverPrivilege
			SeBackupPrivilege
			SeRestorePrivilege
			SeDebugPrivilege
			SeAuditPrivilege
			SeSystemEnvironmentPrivilege
			SeImpersonatePrivilege
			SeDelegateSessionUserImpersonatePrivilege"
"26/05/2026 22:19:47","4624","DESKTOP-OQO8LVA","An account was successfully logged on.

Subject:
	Security ID:		S-1-5-18
	Account Name:		DESKTOP-OQO8LVA$
	Account Domain:		WORKGROUP
	Logon ID:		0x3E7

Logon Information:
	Logon Type:		5
	Restricted Admin Mode:	-
	Virtual Account:		No
	Elevated Token:		Yes

Impersonation Level:		Impersonation

New Logon:
	Security ID:		S-1-5-18
	Account Name:		Système
	Account Domain:		AUTORITE NT
	Logon ID:		0x3E7
	Linked Logon ID:		0x0
	Network Account Name:	-
	Network Account Domain:	-
	Logon GUID:		{00000000-0000-0000-0000-000000000000}

Process Information:
	Process ID:		0x3b0
	Process Name:		C:\Windows\System32\services.exe

Network Information:
	Workstation Name:	-
	Source Network Address:	-
	Source Port:		-

Detailed Authentication Information:
	Logon Process:		Advapi  
	Authentication Package:	Negotiate
	Transited Services:	-
	Package Name (NTLM only):	-
	Key Length:		0

This event is generated when a logon session is created. It is generated on the computer that was accessed.

The subject fields indicate the account on the local system which requested the logon. This is most commonly a service such as the Server service, or a local process such as Winlogon.exe or Services.exe.

The logon type field indicates the kind of logon that occurred. The most common types are 2 (interactive) and 3 (network).

The New Logon fields indicate the account for whom the new logon was created, i.e. the account that was logged on.

The network fields indicate where a remote logon request originated. Workstation name is not always available and may be left blank in some cases.

The impersonation level field indicates the extent to which a process in the logon session can impersonate.

The authentication information fields provide detailed information about this specific logon request.
	- Logon GUID is a unique identifier that can be used to correlate this event with a KDC event.
	- Transited services indicate which intermediate services have participated in this logon request.
	- Package name indicates which sub-protocol was used among the NTLM protocols.
	- Key length indicates the length of the generated session key. This will be 0 if no session key was requested."
"26/05/2026 22:19:47","4799","DESKTOP-OQO8LVA","A security-enabled local group membership was enumerated.

Subject:
	Security ID:		S-1-5-21-4041955732-382992724-600159002-1001
	Account Name:		FARREL FARRELOVIC
	Account Domain:		DESKTOP-OQO8LVA
	Logon ID:		0x8B6EB

Group:
	Security ID:		S-1-5-32-562
	Group Name:		Utilisateurs du modèle COM distribué
	Group Domain:		Builtin

Process Information:
	Process ID:		0x1e7c
	Process Name:		C:\Windows\System32\WindowsPowerShell\v1.0\powershell.exe"
"26/05/2026 22:19:47","4799","DESKTOP-OQO8LVA","A security-enabled local group membership was enumerated.

Subject:
	Security ID:		S-1-5-21-4041955732-382992724-600159002-1001
	Account Name:		FARREL FARRELOVIC
	Account Domain:		DESKTOP-OQO8LVA
	Logon ID:		0x8B6EB

Group:
	Security ID:		S-1-5-32-559
	Group Name:		Utilisateurs du journal de performances
	Group Domain:		Builtin

Process Information:
	Process ID:		0x1e7c
	Process Name:		C:\Windows\System32\WindowsPowerShell\v1.0\powershell.exe"
"26/05/2026 22:19:47","4799","DESKTOP-OQO8LVA","A security-enabled local group membership was enumerated.

Subject:
	Security ID:		S-1-5-21-4041955732-382992724-600159002-1001
	Account Name:		FARREL FARRELOVIC
	Account Domain:		DESKTOP-OQO8LVA
	Logon ID:		0x8B6EB

Group:
	Security ID:		S-1-5-32-555
	Group Name:		Utilisateurs du Bureau à distance
	Group Domain:		Builtin

Process Information:
	Process ID:		0x1e7c
	Process Name:		C:\Windows\System32\WindowsPowerShell\v1.0\powershell.exe"
"26/05/2026 22:19:47","4799","DESKTOP-OQO8LVA","A security-enabled local group membership was enumerated.

Subject:
	Security ID:		S-1-5-21-4041955732-382992724-600159002-1001
	Account Name:		FARREL FARRELOVIC
	Account Domain:		DESKTOP-OQO8LVA
	Logon ID:		0x8B6EB

Group:
	Security ID:		S-1-5-32-558
	Group Name:		Utilisateurs de l’Analyseur de performances
	Group Domain:		Builtin

Process Information:
	Process ID:		0x1e7c
	Process Name:		C:\Windows\System32\WindowsPowerShell\v1.0\powershell.exe"
"26/05/2026 22:19:47","4799","DESKTOP-OQO8LVA","A security-enabled local group membership was enumerated.

Subject:
	Security ID:		S-1-5-21-4041955732-382992724-600159002-1001
	Account Name:		FARREL FARRELOVIC
	Account Domain:		DESKTOP-OQO8LVA
	Logon ID:		0x8B6EB

Group:
	Security ID:		S-1-5-32-580
	Group Name:		Utilisateurs de gestion à distance
	Group Domain:		Builtin

Process Information:
	Process ID:		0x1e7c
	Process Name:		C:\Windows\System32\WindowsPowerShell\v1.0\powershell.exe"
"26/05/2026 22:19:47","4799","DESKTOP-OQO8LVA","A security-enabled local group membership was enumerated.

Subject:
	Security ID:		S-1-5-21-4041955732-382992724-600159002-1001
	Account Name:		FARREL FARRELOVIC
	Account Domain:		DESKTOP-OQO8LVA
	Logon ID:		0x8B6EB

Group:
	Security ID:		S-1-5-32-547
	Group Name:		Utilisateurs avec pouvoir
	Group Domain:		Builtin

Process Information:
	Process ID:		0x1e7c
	Process Name:		C:\Windows\System32\WindowsPowerShell\v1.0\powershell.exe"
"26/05/2026 22:19:47","4799","DESKTOP-OQO8LVA","A security-enabled local group membership was enumerated.

Subject:
	Security ID:		S-1-5-21-4041955732-382992724-600159002-1001
	Account Name:		FARREL FARRELOVIC
	Account Domain:		DESKTOP-OQO8LVA
	Logon ID:		0x8B6EB

Group:
	Security ID:		S-1-5-32-545
	Group Name:		Utilisateurs
	Group Domain:		Builtin

Process Information:
	Process ID:		0x1e7c
	Process Name:		C:\Windows\System32\WindowsPowerShell\v1.0\powershell.exe"
"26/05/2026 22:19:47","4799","DESKTOP-OQO8LVA","A security-enabled local group membership was enumerated.

Subject:
	Security ID:		S-1-5-21-4041955732-382992724-600159002-1001
	Account Name:		FARREL FARRELOVIC
	Account Domain:		DESKTOP-OQO8LVA
	Logon ID:		0x8B6EB

Group:
	Security ID:		S-1-5-32-581
	Group Name:		System Managed Accounts Group
	Group Domain:		Builtin

Process Information:
	Process ID:		0x1e7c
	Process Name:		C:\Windows\System32\WindowsPowerShell\v1.0\powershell.exe"
"26/05/2026 22:19:47","4799","DESKTOP-OQO8LVA","A security-enabled local group membership was enumerated.

Subject:
	Security ID:		S-1-5-21-4041955732-382992724-600159002-1001
	Account Name:		FARREL FARRELOVIC
	Account Domain:		DESKTOP-OQO8LVA
	Logon ID:		0x8B6EB

Group:
	Security ID:		S-1-5-32-583
	Group Name:		Propriétaires d'appareils
	Group Domain:		Builtin

Process Information:
	Process ID:		0x1e7c
	Process Name:		C:\Windows\System32\WindowsPowerShell\v1.0\powershell.exe"
"26/05/2026 22:19:47","4799","DESKTOP-OQO8LVA","A security-enabled local group membership was enumerated.

Subject:
	Security ID:		S-1-5-21-4041955732-382992724-600159002-1001
	Account Name:		FARREL FARRELOVIC
	Account Domain:		DESKTOP-OQO8LVA
	Logon ID:		0x8B6EB

Group:
	Security ID:		S-1-5-32-551
	Group Name:		Opérateurs de sauvegarde
	Group Domain:		Builtin

Process Information:
	Process ID:		0x1e7c
	Process Name:		C:\Windows\System32\WindowsPowerShell\v1.0\powershell.exe"
"26/05/2026 22:19:47","4799","DESKTOP-OQO8LVA","A security-enabled local group membership was enumerated.

Subject:
	Security ID:		S-1-5-21-4041955732-382992724-600159002-1001
	Account Name:		FARREL FARRELOVIC
	Account Domain:		DESKTOP-OQO8LVA
	Logon ID:		0x8B6EB

Group:
	Security ID:		S-1-5-32-556
	Group Name:		Opérateurs de configuration réseau
	Group Domain:		Builtin

Process Information:
	Process ID:		0x1e7c
	Process Name:		C:\Windows\System32\WindowsPowerShell\v1.0\powershell.exe"
"26/05/2026 22:19:47","4799","DESKTOP-OQO8LVA","A security-enabled local group membership was enumerated.

Subject:
	Security ID:		S-1-5-21-4041955732-382992724-600159002-1001
	Account Name:		FARREL FARRELOVIC
	Account Domain:		DESKTOP-OQO8LVA
	Logon ID:		0x8B6EB

Group:
	Security ID:		S-1-5-32-569
	Group Name:		Opérateurs de chiffrement
	Group Domain:		Builtin

Process Information:
	Process ID:		0x1e7c
	Process Name:		C:\Windows\System32\WindowsPowerShell\v1.0\powershell.exe"
"26/05/2026 22:19:47","4799","DESKTOP-OQO8LVA","A security-enabled local group membership was enumerated.

Subject:
	Security ID:		S-1-5-21-4041955732-382992724-600159002-1001
	Account Name:		FARREL FARRELOVIC
	Account Domain:		DESKTOP-OQO8LVA
	Logon ID:		0x8B6EB

Group:
	Security ID:		S-1-5-32-579
	Group Name:		Opérateurs d'assistance de contrôle d'accès
	Group Domain:		Builtin

Process Information:
	Process ID:		0x1e7c
	Process Name:		C:\Windows\System32\WindowsPowerShell\v1.0\powershell.exe"
"26/05/2026 22:19:47","4799","DESKTOP-OQO8LVA","A security-enabled local group membership was enumerated.

Subject:
	Security ID:		S-1-5-21-4041955732-382992724-600159002-1001
	Account Name:		FARREL FARRELOVIC
	Account Domain:		DESKTOP-OQO8LVA
	Logon ID:		0x8B6EB

Group:
	Security ID:		S-1-5-32-573
	Group Name:		Lecteurs des journaux d’événements
	Group Domain:		Builtin

Process Information:
	Process ID:		0x1e7c
	Process Name:		C:\Windows\System32\WindowsPowerShell\v1.0\powershell.exe"
"26/05/2026 22:19:47","4799","DESKTOP-OQO8LVA","A security-enabled local group membership was enumerated.

Subject:
	Security ID:		S-1-5-21-4041955732-382992724-600159002-1001
	Account Name:		FARREL FARRELOVIC
	Account Domain:		DESKTOP-OQO8LVA
	Logon ID:		0x8B6EB

Group:
	Security ID:		S-1-5-32-546
	Group Name:		Invités
	Group Domain:		Builtin

Process Information:
	Process ID:		0x1e7c
	Process Name:		C:\Windows\System32\WindowsPowerShell\v1.0\powershell.exe"
"26/05/2026 22:19:47","4799","DESKTOP-OQO8LVA","A security-enabled local group membership was enumerated.

Subject:
	Security ID:		S-1-5-21-4041955732-382992724-600159002-1001
	Account Name:		FARREL FARRELOVIC
	Account Domain:		DESKTOP-OQO8LVA
	Logon ID:		0x8B6EB

Group:
	Security ID:		S-1-5-32-568
	Group Name:		IIS_IUSRS
	Group Domain:		Builtin

Process Information:
	Process ID:		0x1e7c
	Process Name:		C:\Windows\System32\WindowsPowerShell\v1.0\powershell.exe"
"26/05/2026 22:19:47","4799","DESKTOP-OQO8LVA","A security-enabled local group membership was enumerated.

Subject:
	Security ID:		S-1-5-21-4041955732-382992724-600159002-1001
	Account Name:		FARREL FARRELOVIC
	Account Domain:		DESKTOP-OQO8LVA
	Logon ID:		0x8B6EB

Group:
	Security ID:		S-1-5-32-552
	Group Name:		Duplicateurs
	Group Domain:		Builtin

Process Information:
	Process ID:		0x1e7c
	Process Name:		C:\Windows\System32\WindowsPowerShell\v1.0\powershell.exe"
"26/05/2026 22:19:47","4799","DESKTOP-OQO8LVA","A security-enabled local group membership was enumerated.

Subject:
	Security ID:		S-1-5-21-4041955732-382992724-600159002-1001
	Account Name:		FARREL FARRELOVIC
	Account Domain:		DESKTOP-OQO8LVA
	Logon ID:		0x8B6EB

Group:
	Security ID:		S-1-5-32-578
	Group Name:		Administrateurs Hyper-V
	Group Domain:		Builtin

Process Information:
	Process ID:		0x1e7c
	Process Name:		C:\Windows\System32\WindowsPowerShell\v1.0\powershell.exe"
"26/05/2026 22:19:47","4799","DESKTOP-OQO8LVA","A security-enabled local group membership was enumerated.

Subject:
	Security ID:		S-1-5-21-4041955732-382992724-600159002-1001
	Account Name:		FARREL FARRELOVIC
	Account Domain:		DESKTOP-OQO8LVA
	Logon ID:		0x8B6EB

Group:
	Security ID:		S-1-5-32-544
	Group Name:		Administrateurs
	Group Domain:		Builtin

Process Information:
	Process ID:		0x1e7c
	Process Name:		C:\Windows\System32\WindowsPowerShell\v1.0\powershell.exe"
"26/05/2026 22:19:47","4799","DESKTOP-OQO8LVA","A security-enabled local group membership was enumerated.

Subject:
	Security ID:		S-1-5-21-4041955732-382992724-600159002-1001
	Account Name:		FARREL FARRELOVIC
	Account Domain:		DESKTOP-OQO8LVA
	Logon ID:		0x8B6EB

Group:
	Security ID:		S-1-5-21-4041955732-382992724-600159002-1004
	Group Name:		__vmware__
	Group Domain:		DESKTOP-OQO8LVA

Process Information:
	Process ID:		0x1e7c
	Process Name:		C:\Windows\System32\WindowsPowerShell\v1.0\powershell.exe"
"26/05/2026 22:19:47","4799","DESKTOP-OQO8LVA","A security-enabled local group membership was enumerated.

Subject:
	Security ID:		S-1-5-21-4041955732-382992724-600159002-1001
	Account Name:		FARREL FARRELOVIC
	Account Domain:		DESKTOP-OQO8LVA
	Logon ID:		0x8B6EB

Group:
	Security ID:		S-1-5-21-4041955732-382992724-600159002-1005
	Group Name:		SQLServer2005SQLBrowserUser$DESKTOP-OQO8LVA
	Group Domain:		DESKTOP-OQO8LVA

Process Information:
	Process ID:		0x1e7c
	Process Name:		C:\Windows\System32\WindowsPowerShell\v1.0\powershell.exe"
"26/05/2026 22:19:47","4799","DESKTOP-OQO8LVA","A security-enabled local group membership was enumerated.

Subject:
	Security ID:		S-1-5-21-4041955732-382992724-600159002-1001
	Account Name:		FARREL FARRELOVIC
	Account Domain:		DESKTOP-OQO8LVA
	Logon ID:		0x8B6EB

Group:
	Security ID:		S-1-5-21-4041955732-382992724-600159002-1003
	Group Name:		docker-users
	Group Domain:		DESKTOP-OQO8LVA

Process Information:
	Process ID:		0x1e7c
	Process Name:		C:\Windows\System32\WindowsPowerShell\v1.0\powershell.exe"
"26/05/2026 22:19:45","4625","DESKTOP-OQO8LVA","An account failed to log on.

Subject:
	Security ID:		S-1-5-21-4041955732-382992724-600159002-1001
	Account Name:		FARREL FARRELOVIC
	Account Domain:		DESKTOP-OQO8LVA
	Logon ID:		0x8B6EB

Logon Type:			2

Account For Which Logon Failed:
	Security ID:		S-1-0-0
	Account Name:		CompteInexistant_Test
	Account Domain:		DESKTOP-OQO8LVA

Failure Information:
	Failure Reason:		Unknown user name or bad password.
	Status:			0xC000006D
	Sub Status:		0xC0000064

Process Information:
	Caller Process ID:	0x4818
	Caller Process Name:	C:\Windows\System32\svchost.exe

Network Information:
	Workstation Name:	DESKTOP-OQO8LVA
	Source Network Address:	::1
	Source Port:		0

Detailed Authentication Information:
	Logon Process:		seclogo
	Authentication Package:	Negotiate
	Transited Services:	-
	Package Name (NTLM only):	-
	Key Length:		0

This event is generated when a logon request fails. It is generated on the computer where access was attempted.

The Subject fields indicate the account on the local system which requested the logon. This is most commonly a service such as the Server service, or a local process such as Winlogon.exe or Services.exe.

The Logon Type field indicates the kind of logon that was requested. The most common types are 2 (interactive) and 3 (network).

The Process Information fields indicate which account and process on the system requested the logon.

The Network Information fields indicate where a remote logon request originated. Workstation name is not always available and may be left blank in some cases.

The authentication information fields provide detailed information about this specific logon request.
	- Transited services indicate which intermediate services have participated in this logon request.
	- Package name indicates which sub-protocol was used among the NTLM protocols.
	- Key length indicates the length of the generated session key. This will be 0 if no session key was requested."
"26/05/2026 22:19:44","4625","DESKTOP-OQO8LVA","An account failed to log on.

Subject:
	Security ID:		S-1-5-21-4041955732-382992724-600159002-1001
	Account Name:		FARREL FARRELOVIC
	Account Domain:		DESKTOP-OQO8LVA
	Logon ID:		0x8B6EB

Logon Type:			2

Account For Which Logon Failed:
	Security ID:		S-1-0-0
	Account Name:		CompteInexistant_Test
	Account Domain:		DESKTOP-OQO8LVA

Failure Information:
	Failure Reason:		Unknown user name or bad password.
	Status:			0xC000006D
	Sub Status:		0xC0000064

Process Information:
	Caller Process ID:	0x4818
	Caller Process Name:	C:\Windows\System32\svchost.exe

Network Information:
	Workstation Name:	DESKTOP-OQO8LVA
	Source Network Address:	::1
	Source Port:		0

Detailed Authentication Information:
	Logon Process:		seclogo
	Authentication Package:	Negotiate
	Transited Services:	-
	Package Name (NTLM only):	-
	Key Length:		0

This event is generated when a logon request fails. It is generated on the computer where access was attempted.

The Subject fields indicate the account on the local system which requested the logon. This is most commonly a service such as the Server service, or a local process such as Winlogon.exe or Services.exe.

The Logon Type field indicates the kind of logon that was requested. The most common types are 2 (interactive) and 3 (network).

The Process Information fields indicate which account and process on the system requested the logon.

The Network Information fields indicate where a remote logon request originated. Workstation name is not always available and may be left blank in some cases.

The authentication information fields provide detailed information about this specific logon request.
	- Transited services indicate which intermediate services have participated in this logon request.
	- Package name indicates which sub-protocol was used among the NTLM protocols.
	- Key length indicates the length of the generated session key. This will be 0 if no session key was requested."
"26/05/2026 22:19:44","4625","DESKTOP-OQO8LVA","An account failed to log on.

Subject:
	Security ID:		S-1-5-21-4041955732-382992724-600159002-1001
	Account Name:		FARREL FARRELOVIC
	Account Domain:		DESKTOP-OQO8LVA
	Logon ID:		0x8B6EB

Logon Type:			2

Account For Which Logon Failed:
	Security ID:		S-1-0-0
	Account Name:		CompteInexistant_Test
	Account Domain:		DESKTOP-OQO8LVA

Failure Information:
	Failure Reason:		Unknown user name or bad password.
	Status:			0xC000006D
	Sub Status:		0xC0000064

Process Information:
	Caller Process ID:	0x4818
	Caller Process Name:	C:\Windows\System32\svchost.exe

Network Information:
	Workstation Name:	DESKTOP-OQO8LVA
	Source Network Address:	::1
	Source Port:		0

Detailed Authentication Information:
	Logon Process:		seclogo
	Authentication Package:	Negotiate
	Transited Services:	-
	Package Name (NTLM only):	-
	Key Length:		0

This event is generated when a logon request fails. It is generated on the computer where access was attempted.

The Subject fields indicate the account on the local system which requested the logon. This is most commonly a service such as the Server service, or a local process such as Winlogon.exe or Services.exe.

The Logon Type field indicates the kind of logon that was requested. The most common types are 2 (interactive) and 3 (network).

The Process Information fields indicate which account and process on the system requested the logon.

The Network Information fields indicate where a remote logon request originated. Workstation name is not always available and may be left blank in some cases.

The authentication information fields provide detailed information about this specific logon request.
	- Transited services indicate which intermediate services have participated in this logon request.
	- Package name indicates which sub-protocol was used among the NTLM protocols.
	- Key length indicates the length of the generated session key. This will be 0 if no session key was requested."
"26/05/2026 22:19:43","4625","DESKTOP-OQO8LVA","An account failed to log on.

Subject:
	Security ID:		S-1-5-21-4041955732-382992724-600159002-1001
	Account Name:		FARREL FARRELOVIC
	Account Domain:		DESKTOP-OQO8LVA
	Logon ID:		0x8B6EB

Logon Type:			2

Account For Which Logon Failed:
	Security ID:		S-1-0-0
	Account Name:		CompteInexistant_Test
	Account Domain:		DESKTOP-OQO8LVA

Failure Information:
	Failure Reason:		Unknown user name or bad password.
	Status:			0xC000006D
	Sub Status:		0xC0000064

Process Information:
	Caller Process ID:	0x4818
	Caller Process Name:	C:\Windows\System32\svchost.exe

Network Information:
	Workstation Name:	DESKTOP-OQO8LVA
	Source Network Address:	::1
	Source Port:		0

Detailed Authentication Information:
	Logon Process:		seclogo
	Authentication Package:	Negotiate
	Transited Services:	-
	Package Name (NTLM only):	-
	Key Length:		0

This event is generated when a logon request fails. It is generated on the computer where access was attempted.

The Subject fields indicate the account on the local system which requested the logon. This is most commonly a service such as the Server service, or a local process such as Winlogon.exe or Services.exe.

The Logon Type field indicates the kind of logon that was requested. The most common types are 2 (interactive) and 3 (network).

The Process Information fields indicate which account and process on the system requested the logon.

The Network Information fields indicate where a remote logon request originated. Workstation name is not always available and may be left blank in some cases.

The authentication information fields provide detailed information about this specific logon request.
	- Transited services indicate which intermediate services have participated in this logon request.
	- Package name indicates which sub-protocol was used among the NTLM protocols.
	- Key length indicates the length of the generated session key. This will be 0 if no session key was requested."
"26/05/2026 22:19:43","4625","DESKTOP-OQO8LVA","An account failed to log on.

Subject:
	Security ID:		S-1-5-21-4041955732-382992724-600159002-1001
	Account Name:		FARREL FARRELOVIC
	Account Domain:		DESKTOP-OQO8LVA
	Logon ID:		0x8B6EB

Logon Type:			2

Account For Which Logon Failed:
	Security ID:		S-1-0-0
	Account Name:		CompteInexistant_Test
	Account Domain:		DESKTOP-OQO8LVA

Failure Information:
	Failure Reason:		Unknown user name or bad password.
	Status:			0xC000006D
	Sub Status:		0xC0000064

Process Information:
	Caller Process ID:	0x4818
	Caller Process Name:	C:\Windows\System32\svchost.exe

Network Information:
	Workstation Name:	DESKTOP-OQO8LVA
	Source Network Address:	::1
	Source Port:		0

Detailed Authentication Information:
	Logon Process:		seclogo
	Authentication Package:	Negotiate
	Transited Services:	-
	Package Name (NTLM only):	-
	Key Length:		0

This event is generated when a logon request fails. It is generated on the computer where access was attempted.

The Subject fields indicate the account on the local system which requested the logon. This is most commonly a service such as the Server service, or a local process such as Winlogon.exe or Services.exe.

The Logon Type field indicates the kind of logon that was requested. The most common types are 2 (interactive) and 3 (network).

The Process Information fields indicate which account and process on the system requested the logon.

The Network Information fields indicate where a remote logon request originated. Workstation name is not always available and may be left blank in some cases.

The authentication information fields provide detailed information about this specific logon request.
	- Transited services indicate which intermediate services have participated in this logon request.
	- Package name indicates which sub-protocol was used among the NTLM protocols.
	- Key length indicates the length of the generated session key. This will be 0 if no session key was requested."
"26/05/2026 22:19:42","4625","DESKTOP-OQO8LVA","An account failed to log on.

Subject:
	Security ID:		S-1-5-21-4041955732-382992724-600159002-1001
	Account Name:		FARREL FARRELOVIC
	Account Domain:		DESKTOP-OQO8LVA
	Logon ID:		0x8B6EB

Logon Type:			2

Account For Which Logon Failed:
	Security ID:		S-1-0-0
	Account Name:		CompteInexistant_Test
	Account Domain:		DESKTOP-OQO8LVA

Failure Information:
	Failure Reason:		Unknown user name or bad password.
	Status:			0xC000006D
	Sub Status:		0xC0000064

Process Information:
	Caller Process ID:	0x4818
	Caller Process Name:	C:\Windows\System32\svchost.exe

Network Information:
	Workstation Name:	DESKTOP-OQO8LVA
	Source Network Address:	::1
	Source Port:		0

Detailed Authentication Information:
	Logon Process:		seclogo
	Authentication Package:	Negotiate
	Transited Services:	-
	Package Name (NTLM only):	-
	Key Length:		0

This event is generated when a logon request fails. It is generated on the computer where access was attempted.

The Subject fields indicate the account on the local system which requested the logon. This is most commonly a service such as the Server service, or a local process such as Winlogon.exe or Services.exe.

The Logon Type field indicates the kind of logon that was requested. The most common types are 2 (interactive) and 3 (network).

The Process Information fields indicate which account and process on the system requested the logon.

The Network Information fields indicate where a remote logon request originated. Workstation name is not always available and may be left blank in some cases.

The authentication information fields provide detailed information about this specific logon request.
	- Transited services indicate which intermediate services have participated in this logon request.
	- Package name indicates which sub-protocol was used among the NTLM protocols.
	- Key length indicates the length of the generated session key. This will be 0 if no session key was requested."
"26/05/2026 22:19:42","4625","DESKTOP-OQO8LVA","An account failed to log on.

Subject:
	Security ID:		S-1-5-21-4041955732-382992724-600159002-1001
	Account Name:		FARREL FARRELOVIC
	Account Domain:		DESKTOP-OQO8LVA
	Logon ID:		0x8B6EB

Logon Type:			2

Account For Which Logon Failed:
	Security ID:		S-1-0-0
	Account Name:		CompteInexistant_Test
	Account Domain:		DESKTOP-OQO8LVA

Failure Information:
	Failure Reason:		Unknown user name or bad password.
	Status:			0xC000006D
	Sub Status:		0xC0000064

Process Information:
	Caller Process ID:	0x4818
	Caller Process Name:	C:\Windows\System32\svchost.exe

Network Information:
	Workstation Name:	DESKTOP-OQO8LVA
	Source Network Address:	::1
	Source Port:		0

Detailed Authentication Information:
	Logon Process:		seclogo
	Authentication Package:	Negotiate
	Transited Services:	-
	Package Name (NTLM only):	-
	Key Length:		0

This event is generated when a logon request fails. It is generated on the computer where access was attempted.

The Subject fields indicate the account on the local system which requested the logon. This is most commonly a service such as the Server service, or a local process such as Winlogon.exe or Services.exe.

The Logon Type field indicates the kind of logon that was requested. The most common types are 2 (interactive) and 3 (network).

The Process Information fields indicate which account and process on the system requested the logon.

The Network Information fields indicate where a remote logon request originated. Workstation name is not always available and may be left blank in some cases.

The authentication information fields provide detailed information about this specific logon request.
	- Transited services indicate which intermediate services have participated in this logon request.
	- Package name indicates which sub-protocol was used among the NTLM protocols.
	- Key length indicates the length of the generated session key. This will be 0 if no session key was requested."
"26/05/2026 22:19:41","4625","DESKTOP-OQO8LVA","An account failed to log on.

Subject:
	Security ID:		S-1-5-21-4041955732-382992724-600159002-1001
	Account Name:		FARREL FARRELOVIC
	Account Domain:		DESKTOP-OQO8LVA
	Logon ID:		0x8B6EB

Logon Type:			2

Account For Which Logon Failed:
	Security ID:		S-1-0-0
	Account Name:		CompteInexistant_Test
	Account Domain:		DESKTOP-OQO8LVA

Failure Information:
	Failure Reason:		Unknown user name or bad password.
	Status:			0xC000006D
	Sub Status:		0xC0000064

Process Information:
	Caller Process ID:	0x4818
	Caller Process Name:	C:\Windows\System32\svchost.exe

Network Information:
	Workstation Name:	DESKTOP-OQO8LVA
	Source Network Address:	::1
	Source Port:		0

Detailed Authentication Information:
	Logon Process:		seclogo
	Authentication Package:	Negotiate
	Transited Services:	-
	Package Name (NTLM only):	-
	Key Length:		0

This event is generated when a logon request fails. It is generated on the computer where access was attempted.

The Subject fields indicate the account on the local system which requested the logon. This is most commonly a service such as the Server service, or a local process such as Winlogon.exe or Services.exe.

The Logon Type field indicates the kind of logon that was requested. The most common types are 2 (interactive) and 3 (network).

The Process Information fields indicate which account and process on the system requested the logon.

The Network Information fields indicate where a remote logon request originated. Workstation name is not always available and may be left blank in some cases.

The authentication information fields provide detailed information about this specific logon request.
	- Transited services indicate which intermediate services have participated in this logon request.
	- Package name indicates which sub-protocol was used among the NTLM protocols.
	- Key length indicates the length of the generated session key. This will be 0 if no session key was requested."
"26/05/2026 22:19:41","4625","DESKTOP-OQO8LVA","An account failed to log on.

Subject:
	Security ID:		S-1-5-21-4041955732-382992724-600159002-1001
	Account Name:		FARREL FARRELOVIC
	Account Domain:		DESKTOP-OQO8LVA
	Logon ID:		0x8B6EB

Logon Type:			2

Account For Which Logon Failed:
	Security ID:		S-1-0-0
	Account Name:		CompteInexistant_Test
	Account Domain:		DESKTOP-OQO8LVA

Failure Information:
	Failure Reason:		Unknown user name or bad password.
	Status:			0xC000006D
	Sub Status:		0xC0000064

Process Information:
	Caller Process ID:	0x4818
	Caller Process Name:	C:\Windows\System32\svchost.exe

Network Information:
	Workstation Name:	DESKTOP-OQO8LVA
	Source Network Address:	::1
	Source Port:		0

Detailed Authentication Information:
	Logon Process:		seclogo
	Authentication Package:	Negotiate
	Transited Services:	-
	Package Name (NTLM only):	-
	Key Length:		0

This event is generated when a logon request fails. It is generated on the computer where access was attempted.

The Subject fields indicate the account on the local system which requested the logon. This is most commonly a service such as the Server service, or a local process such as Winlogon.exe or Services.exe.

The Logon Type field indicates the kind of logon that was requested. The most common types are 2 (interactive) and 3 (network).

The Process Information fields indicate which account and process on the system requested the logon.

The Network Information fields indicate where a remote logon request originated. Workstation name is not always available and may be left blank in some cases.

The authentication information fields provide detailed information about this specific logon request.
	- Transited services indicate which intermediate services have participated in this logon request.
	- Package name indicates which sub-protocol was used among the NTLM protocols.
	- Key length indicates the length of the generated session key. This will be 0 if no session key was requested."
"26/05/2026 22:19:40","4625","DESKTOP-OQO8LVA","An account failed to log on.

Subject:
	Security ID:		S-1-5-21-4041955732-382992724-600159002-1001
	Account Name:		FARREL FARRELOVIC
	Account Domain:		DESKTOP-OQO8LVA
	Logon ID:		0x8B6EB

Logon Type:			2

Account For Which Logon Failed:
	Security ID:		S-1-0-0
	Account Name:		CompteInexistant_Test
	Account Domain:		DESKTOP-OQO8LVA

Failure Information:
	Failure Reason:		Unknown user name or bad password.
	Status:			0xC000006D
	Sub Status:		0xC0000064

Process Information:
	Caller Process ID:	0x4818
	Caller Process Name:	C:\Windows\System32\svchost.exe

Network Information:
	Workstation Name:	DESKTOP-OQO8LVA
	Source Network Address:	::1
	Source Port:		0

Detailed Authentication Information:
	Logon Process:		seclogo
	Authentication Package:	Negotiate
	Transited Services:	-
	Package Name (NTLM only):	-
	Key Length:		0

This event is generated when a logon request fails. It is generated on the computer where access was attempted.

The Subject fields indicate the account on the local system which requested the logon. This is most commonly a service such as the Server service, or a local process such as Winlogon.exe or Services.exe.

The Logon Type field indicates the kind of logon that was requested. The most common types are 2 (interactive) and 3 (network).

The Process Information fields indicate which account and process on the system requested the logon.

The Network Information fields indicate where a remote logon request originated. Workstation name is not always available and may be left blank in some cases.

The authentication information fields provide detailed information about this specific logon request.
	- Transited services indicate which intermediate services have participated in this logon request.
	- Package name indicates which sub-protocol was used among the NTLM protocols.
	- Key length indicates the length of the generated session key. This will be 0 if no session key was requested."
"26/05/2026 22:19:39","4625","DESKTOP-OQO8LVA","An account failed to log on.

Subject:
	Security ID:		S-1-5-21-4041955732-382992724-600159002-1001
	Account Name:		FARREL FARRELOVIC
	Account Domain:		DESKTOP-OQO8LVA
	Logon ID:		0x8B6EB

Logon Type:			2

Account For Which Logon Failed:
	Security ID:		S-1-0-0
	Account Name:		CompteInexistant_Test
	Account Domain:		DESKTOP-OQO8LVA

Failure Information:
	Failure Reason:		Unknown user name or bad password.
	Status:			0xC000006D
	Sub Status:		0xC0000064

Process Information:
	Caller Process ID:	0x4818
	Caller Process Name:	C:\Windows\System32\svchost.exe

Network Information:
	Workstation Name:	DESKTOP-OQO8LVA
	Source Network Address:	::1
	Source Port:		0

Detailed Authentication Information:
	Logon Process:		seclogo
	Authentication Package:	Negotiate
	Transited Services:	-
	Package Name (NTLM only):	-
	Key Length:		0

This event is generated when a logon request fails. It is generated on the computer where access was attempted.

The Subject fields indicate the account on the local system which requested the logon. This is most commonly a service such as the Server service, or a local process such as Winlogon.exe or Services.exe.

The Logon Type field indicates the kind of logon that was requested. The most common types are 2 (interactive) and 3 (network).

The Process Information fields indicate which account and process on the system requested the logon.

The Network Information fields indicate where a remote logon request originated. Workstation name is not always available and may be left blank in some cases.

The authentication information fields provide detailed information about this specific logon request.
	- Transited services indicate which intermediate services have participated in this logon request.
	- Package name indicates which sub-protocol was used among the NTLM protocols.
	- Key length indicates the length of the generated session key. This will be 0 if no session key was requested."
"26/05/2026 22:19:39","4625","DESKTOP-OQO8LVA","An account failed to log on.

Subject:
	Security ID:		S-1-5-21-4041955732-382992724-600159002-1001
	Account Name:		FARREL FARRELOVIC
	Account Domain:		DESKTOP-OQO8LVA
	Logon ID:		0x8B6EB

Logon Type:			2

Account For Which Logon Failed:
	Security ID:		S-1-0-0
	Account Name:		CompteInexistant_Test
	Account Domain:		DESKTOP-OQO8LVA

Failure Information:
	Failure Reason:		Unknown user name or bad password.
	Status:			0xC000006D
	Sub Status:		0xC0000064

Process Information:
	Caller Process ID:	0x4818
	Caller Process Name:	C:\Windows\System32\svchost.exe

Network Information:
	Workstation Name:	DESKTOP-OQO8LVA
	Source Network Address:	::1
	Source Port:		0

Detailed Authentication Information:
	Logon Process:		seclogo
	Authentication Package:	Negotiate
	Transited Services:	-
	Package Name (NTLM only):	-
	Key Length:		0

This event is generated when a logon request fails. It is generated on the computer where access was attempted.

The Subject fields indicate the account on the local system which requested the logon. This is most commonly a service such as the Server service, or a local process such as Winlogon.exe or Services.exe.

The Logon Type field indicates the kind of logon that was requested. The most common types are 2 (interactive) and 3 (network).

The Process Information fields indicate which account and process on the system requested the logon.

The Network Information fields indicate where a remote logon request originated. Workstation name is not always available and may be left blank in some cases.

The authentication information fields provide detailed information about this specific logon request.
	- Transited services indicate which intermediate services have participated in this logon request.
	- Package name indicates which sub-protocol was used among the NTLM protocols.
	- Key length indicates the length of the generated session key. This will be 0 if no session key was requested."
"26/05/2026 22:19:38","4625","DESKTOP-OQO8LVA","An account failed to log on.

Subject:
	Security ID:		S-1-5-21-4041955732-382992724-600159002-1001
	Account Name:		FARREL FARRELOVIC
	Account Domain:		DESKTOP-OQO8LVA
	Logon ID:		0x8B6EB

Logon Type:			2

Account For Which Logon Failed:
	Security ID:		S-1-0-0
	Account Name:		CompteInexistant_Test
	Account Domain:		DESKTOP-OQO8LVA

Failure Information:
	Failure Reason:		Unknown user name or bad password.
	Status:			0xC000006D
	Sub Status:		0xC0000064

Process Information:
	Caller Process ID:	0x4818
	Caller Process Name:	C:\Windows\System32\svchost.exe

Network Information:
	Workstation Name:	DESKTOP-OQO8LVA
	Source Network Address:	::1
	Source Port:		0

Detailed Authentication Information:
	Logon Process:		seclogo
	Authentication Package:	Negotiate
	Transited Services:	-
	Package Name (NTLM only):	-
	Key Length:		0

This event is generated when a logon request fails. It is generated on the computer where access was attempted.

The Subject fields indicate the account on the local system which requested the logon. This is most commonly a service such as the Server service, or a local process such as Winlogon.exe or Services.exe.

The Logon Type field indicates the kind of logon that was requested. The most common types are 2 (interactive) and 3 (network).

The Process Information fields indicate which account and process on the system requested the logon.

The Network Information fields indicate where a remote logon request originated. Workstation name is not always available and may be left blank in some cases.

The authentication information fields provide detailed information about this specific logon request.
	- Transited services indicate which intermediate services have participated in this logon request.
	- Package name indicates which sub-protocol was used among the NTLM protocols.
	- Key length indicates the length of the generated session key. This will be 0 if no session key was requested."
"26/05/2026 22:19:38","4625","DESKTOP-OQO8LVA","An account failed to log on.

Subject:
	Security ID:		S-1-5-21-4041955732-382992724-600159002-1001
	Account Name:		FARREL FARRELOVIC
	Account Domain:		DESKTOP-OQO8LVA
	Logon ID:		0x8B6EB

Logon Type:			2

Account For Which Logon Failed:
	Security ID:		S-1-0-0
	Account Name:		CompteInexistant_Test
	Account Domain:		DESKTOP-OQO8LVA

Failure Information:
	Failure Reason:		Unknown user name or bad password.
	Status:			0xC000006D
	Sub Status:		0xC0000064

Process Information:
	Caller Process ID:	0x4818
	Caller Process Name:	C:\Windows\System32\svchost.exe

Network Information:
	Workstation Name:	DESKTOP-OQO8LVA
	Source Network Address:	::1
	Source Port:		0

Detailed Authentication Information:
	Logon Process:		seclogo
	Authentication Package:	Negotiate
	Transited Services:	-
	Package Name (NTLM only):	-
	Key Length:		0

This event is generated when a logon request fails. It is generated on the computer where access was attempted.

The Subject fields indicate the account on the local system which requested the logon. This is most commonly a service such as the Server service, or a local process such as Winlogon.exe or Services.exe.

The Logon Type field indicates the kind of logon that was requested. The most common types are 2 (interactive) and 3 (network).

The Process Information fields indicate which account and process on the system requested the logon.

The Network Information fields indicate where a remote logon request originated. Workstation name is not always available and may be left blank in some cases.

The authentication information fields provide detailed information about this specific logon request.
	- Transited services indicate which intermediate services have participated in this logon request.
	- Package name indicates which sub-protocol was used among the NTLM protocols.
	- Key length indicates the length of the generated session key. This will be 0 if no session key was requested."
